2024-06-06 09:41:37.535 [info] Extension host with pid 185 started
2024-06-06 09:41:37.535 [info] Skipping acquiring lock for /home/abhimanyu/.config/Code/User/workspaceStorage/5852253686718b1f2cb0fe1a1a2dd61a.
2024-06-06 09:41:37.772 [info] ExtensionService#_doActivateExtension vscode.emmet, startup: false, activationEvent: 'onLanguage'
2024-06-06 09:41:37.780 [info] ExtensionService#_doActivateExtension ms-vscode.cpptools, startup: false, activationEvent: 'onLanguage:cpp'
2024-06-06 09:41:38.742 [info] ExtensionService#_doActivateExtension vscode.git-base, startup: true, activationEvent: '*', root cause: vscode.git
2024-06-06 09:41:38.775 [info] ExtensionService#_doActivateExtension vscode.git, startup: true, activationEvent: '*'
2024-06-06 09:41:38.809 [info] ExtensionService#_doActivateExtension vscode.github, startup: true, activationEvent: '*'
2024-06-06 09:41:38.884 [info] ExtensionService#_doActivateExtension ms-vscode.cmake-tools, startup: true, activationEvent: 'workspaceContains:*/CMakeLists.txt,*/*/CMakeLists.txt,*/*/*/CMakeLists.txt'
2024-06-06 09:41:39.294 [info] ExtensionService#_doActivateExtension vscode.github-authentication, startup: false, activationEvent: 'onAuthenticationRequest:github'
2024-06-06 09:41:39.567 [info] ExtensionService#_doActivateExtension vscode.microsoft-authentication, startup: false, activationEvent: 'onAuthenticationRequest:microsoft'
2024-06-06 09:41:39.628 [info] Eager extensions activated
2024-06-06 09:41:39.643 [info] ExtensionService#_doActivateExtension vscode.debug-auto-launch, startup: false, activationEvent: 'onStartupFinished'
2024-06-06 09:41:39.646 [info] ExtensionService#_doActivateExtension vscode.merge-conflict, startup: false, activationEvent: 'onStartupFinished'
2024-06-06 09:41:39.657 [info] ExtensionService#_doActivateExtension ms-vscode.remote-server, startup: false, activationEvent: 'onStartupFinished'
2024-06-06 09:52:51.601 [info] ExtensionService#_doActivateExtension twxs.cmake, startup: false, activationEvent: 'onLanguage:cmake'
2024-06-06 10:04:48.976 [info] ExtensionService#_doActivateExtension vscode.extension-editing, startup: false, activationEvent: 'onLanguage:markdown'
2024-06-06 10:04:49.001 [info] ExtensionService#_doActivateExtension vscode.markdown-language-features, startup: false, activationEvent: 'onLanguage:markdown'
2024-06-06 10:04:49.748 [info] ExtensionService#_doActivateExtension vscode.markdown-math, startup: false, activationEvent: 'api', root cause: vscode.markdown-language-features
2024-06-06 11:04:49.310 [info] ExtensionService#_doActivateExtension vscode.npm, startup: false, activationEvent: 'onTerminalQuickFixRequest:ms-vscode.npm-command'
2024-06-06 11:45:39.260 [info] ExtensionService#_doActivateExtension vscode.simple-browser, startup: false, activationEvent: 'onOpenExternalUri:https'
2024-06-06 16:03:49.050 [info] ExtensionService#_doActivateExtension vscode.json-language-features, startup: false, activationEvent: 'onLanguage:json'
2024-06-06 16:05:00.993 [info] Extension host terminating: renderer closed the MessagePort
2024-06-06 16:05:06.011 [info] Extension host with pid 185 exiting with code 0
