[rospy.client][INFO] 2024-06-07 15:48:04,527: init_node, name[/rostopic_39365_1717768084492], pid[39365]
[xmlrpc][INFO] 2024-06-07 15:48:04,527: XML-RPC server binding to 0.0.0.0:0
[xmlrpc][INFO] 2024-06-07 15:48:04,527: Started XML-RPC server [http://ade:42375/]
[rospy.init][INFO] 2024-06-07 15:48:04,528: ROS Slave URI: [http://ade:42375/]
[rospy.impl.masterslave][INFO] 2024-06-07 15:48:04,528: _ready: http://ade:42375/
[rospy.registration][INFO] 2024-06-07 15:48:04,528: Registering with master node http://localhost:11311
[xmlrpc][INFO] 2024-06-07 15:48:04,528: xml rpc node: starting XML-RPC server
[rospy.init][INFO] 2024-06-07 15:48:04,628: registered with master
[rospy.rosout][INFO] 2024-06-07 15:48:04,629: initializing /rosout core topic
[rospy.rosout][INFO] 2024-06-07 15:48:04,635: connected to core topic /rosout
[rospy.simtime][INFO] 2024-06-07 15:48:04,637: initializing /clock core topic
[rospy.simtime][INFO] 2024-06-07 15:48:04,641: connected to core topic /clock
[rospy.internal][INFO] 2024-06-07 15:48:04,696: topic[/clock] adding connection to [http://ade:33321/], count 0
[rospy.internal][INFO] 2024-06-07 15:48:04,696: topic[/demo/bool] adding connection to [http://ade:33321/], count 0
[rospy.core][INFO] 2024-06-07 15:48:14,941: signal_shutdown [signal-2]
[rospy.internal][INFO] 2024-06-07 15:48:14,950: topic[/clock] removing connection to http://ade:33321/
[rospy.internal][INFO] 2024-06-07 15:48:14,954: topic[/demo/bool] removing connection to http://ade:33321/
[rospy.internal][INFO] 2024-06-07 15:48:14,955: topic[/demo/bool] removing connection to http://ade:33321/
[rospy.impl.masterslave][INFO] 2024-06-07 15:48:14,956: signal-2
[rospy.core][INFO] 2024-06-07 15:48:15,544: signal_shutdown [atexit]
