[rospy.client][INFO] 2024-06-07 15:40:43,534: init_node, name[/rostopic_36367_1717767643497], pid[36367]
[xmlrpc][INFO] 2024-06-07 15:40:43,535: XML-RPC server binding to 0.0.0.0:0
[xmlrpc][INFO] 2024-06-07 15:40:43,535: Started XML-RPC server [http://ade:39921/]
[rospy.init][INFO] 2024-06-07 15:40:43,536: ROS Slave URI: [http://ade:39921/]
[rospy.impl.masterslave][INFO] 2024-06-07 15:40:43,536: _ready: http://ade:39921/
[rospy.registration][INFO] 2024-06-07 15:40:43,536: Registering with master node http://localhost:11311
[xmlrpc][INFO] 2024-06-07 15:40:43,536: xml rpc node: starting XML-RPC server
[rospy.init][INFO] 2024-06-07 15:40:43,636: registered with master
[rospy.rosout][INFO] 2024-06-07 15:40:43,637: initializing /rosout core topic
[rospy.rosout][INFO] 2024-06-07 15:40:43,641: connected to core topic /rosout
[rospy.simtime][INFO] 2024-06-07 15:40:43,644: initializing /clock core topic
[rospy.simtime][INFO] 2024-06-07 15:40:43,649: connected to core topic /clock
[rospy.internal][INFO] 2024-06-07 15:40:43,710: topic[/clock] adding connection to [http://ade:44239/], count 0
[rospy.internal][INFO] 2024-06-07 15:40:43,710: topic[/demo/bool] adding connection to [http://ade:44239/], count 0
[rospy.core][INFO] 2024-06-07 15:40:59,557: signal_shutdown [signal-2]
[rospy.internal][INFO] 2024-06-07 15:40:59,566: topic[/clock] removing connection to http://ade:44239/
[rospy.internal][INFO] 2024-06-07 15:40:59,567: topic[/clock] removing connection to http://ade:44239/
[rospy.internal][INFO] 2024-06-07 15:40:59,568: topic[/demo/bool] removing connection to http://ade:44239/
[rospy.internal][INFO] 2024-06-07 15:40:59,568: topic[/demo/bool] removing connection to http://ade:44239/
[rospy.impl.masterslave][INFO] 2024-06-07 15:40:59,569: signal-2
[rospy.core][INFO] 2024-06-07 15:41:00,159: signal_shutdown [atexit]
