2024-06-05 16:33:28.042 [info] Added views:workbench.panel.markers.view in workbench.panel.markers
2024-06-05 16:33:28.042 [info] Added views:workbench.panel.output in workbench.panel.output
2024-06-05 16:33:28.042 [info] Added views:terminal in terminal
2024-06-05 16:33:28.042 [info] Added views:outline in workbench.view.explorer
2024-06-05 16:33:28.042 [info] Added views:workbench.scm in workbench.view.scm
2024-06-05 16:33:28.042 [info] Added views:workbench.view.search in workbench.view.search
2024-06-05 16:33:28.042 [info] Added views:timeline in workbench.view.explorer
2024-06-05 16:33:28.042 [info] Added views:workbench.explorer.fileView in workbench.view.explorer
2024-06-05 16:33:28.707 [info] Added views:workbench.debug.variablesView,workbench.debug.watchExpressionsView,workbench.debug.callStackView,workbench.debug.breakPointsView in workbench.view.debug
2024-06-05 16:33:28.736 [info] Added views:workbench.panel.repl.view in workbench.panel.repl
2024-06-05 16:33:28.738 [info] Removed views:workbench.debug.breakPointsView,workbench.debug.callStackView,workbench.debug.watchExpressionsView,workbench.debug.variablesView from workbench.view.debug
2024-06-05 16:33:28.739 [info] Added views:workbench.debug.welcome in workbench.view.debug
2024-06-05 16:33:28.934 [info] Added views:~remote.forwardedPorts in ~remote.forwardedPortsContainer
2024-06-05 16:34:07.989 [info] Added views:workbench.views.extensions.installed,workbench.views.extensions.popular,extensions.recommendedList in workbench.view.extensions
2024-06-05 16:34:07.996 [info] Removed views:workbench.views.extensions.popular from workbench.view.extensions
2024-06-05 16:34:08.405 [info] Added views:workbench.views.extensions.popular in workbench.view.extensions
2024-06-05 16:34:08.618 [info] Removed views:extensions.recommendedList,workbench.views.extensions.popular,workbench.views.extensions.installed from workbench.view.extensions
2024-06-05 16:34:08.638 [info] Added views:workbench.views.extensions.marketplace in workbench.view.extensions
2024-06-05 16:34:57.332 [info] Removed views:workbench.views.extensions.marketplace from workbench.view.extensions
2024-06-05 16:34:57.365 [info] Added views:workbench.views.extensions.installed,workbench.views.extensions.popular,extensions.recommendedList in workbench.view.extensions
2024-06-05 16:43:35.489 [info] Added views:remoteTargets in workbench.view.remote
2024-06-05 17:00:23.376 [info] Removed views:extensions.recommendedList,workbench.views.extensions.popular,workbench.views.extensions.installed from workbench.view.extensions
2024-06-05 17:00:23.392 [info] Added views:workbench.views.extensions.marketplace in workbench.view.extensions
