2024-06-06 16:05:17.139 [info] Extension host with pid 9957 started
2024-06-06 16:05:17.139 [info] Skipping acquiring lock for /home/abhimanyu/.config/Code/User/workspaceStorage/5852253686718b1f2cb0fe1a1a2dd61a.
2024-06-06 16:05:17.355 [info] ExtensionService#_doActivateExtension vscode.extension-editing, startup: false, activationEvent: 'onLanguage:json'
2024-06-06 16:05:17.362 [info] ExtensionService#_doActivateExtension vscode.json-language-features, startup: false, activationEvent: 'onLanguage:json'
2024-06-06 16:05:17.388 [info] ExtensionService#_doActivateExtension vscode.npm, startup: false, activationEvent: 'onLanguage:json'
2024-06-06 16:05:17.398 [info] ExtensionService#_doActivateExtension vscode.emmet, startup: false, activationEvent: 'onLanguage'
2024-06-06 16:05:17.923 [info] ExtensionService#_doActivateExtension vscode.git-base, startup: true, activationEvent: '*', root cause: vscode.git
2024-06-06 16:05:18.149 [info] ExtensionService#_doActivateExtension vscode.git, startup: true, activationEvent: '*'
2024-06-06 16:05:18.183 [info] ExtensionService#_doActivateExtension vscode.github, startup: true, activationEvent: '*'
2024-06-06 16:05:18.219 [info] ExtensionService#_doActivateExtension ms-vscode.cmake-tools, startup: true, activationEvent: 'workspaceContains:*/CMakeLists.txt,*/*/CMakeLists.txt,*/*/*/CMakeLists.txt'
2024-06-06 16:05:18.835 [info] Eager extensions activated
2024-06-06 16:05:18.882 [info] ExtensionService#_doActivateExtension vscode.debug-auto-launch, startup: false, activationEvent: 'onStartupFinished'
2024-06-06 16:05:18.883 [info] ExtensionService#_doActivateExtension vscode.merge-conflict, startup: false, activationEvent: 'onStartupFinished'
2024-06-06 16:05:18.893 [info] ExtensionService#_doActivateExtension ms-vscode.remote-server, startup: false, activationEvent: 'onStartupFinished'
2024-06-06 16:05:19.018 [info] ExtensionService#_doActivateExtension vscode.github-authentication, startup: false, activationEvent: 'onAuthenticationRequest:github'
2024-06-06 16:05:19.079 [info] ExtensionService#_doActivateExtension vscode.microsoft-authentication, startup: false, activationEvent: 'onAuthenticationRequest:microsoft'
2024-06-06 16:05:31.964 [info] ExtensionService#_doActivateExtension vscode.markdown-language-features, startup: false, activationEvent: 'onWebviewPanel:markdown.preview'
2024-06-06 16:08:25.337 [info] ExtensionService#_doActivateExtension twxs.cmake, startup: false, activationEvent: 'onLanguage:cmake'
2024-06-06 16:09:00.368 [info] ExtensionService#_doActivateExtension vscode.markdown-math, startup: false, activationEvent: 'api', root cause: vscode.markdown-language-features
2024-06-06 16:14:03.940 [info] ExtensionService#_doActivateExtension ms-vscode.cpptools, startup: false, activationEvent: 'onLanguage:cpp'
