2024-06-07 09:25:52.742 [error] Extension 'ms-vscode.remote-server' appears in product.json but enables LESS API proposals than the extension wants.
package.json (LOSES): resolvers, tunnelFactory
product.json (WINS): resolvers, tunnels, contribViewsWelcome
2024-06-07 09:25:52.758 [warning] [twxs.cmake]: Cannot register 'cmake.cmakePath'. This property is already registered.
2024-06-07 09:25:56.107 [error] a.actions is not iterable: TypeError: a.actions is not iterable
    at h.f (vscode-file://vscode-app/opt/vscode/resources/app/out/vs/workbench/workbench.desktop.main.js:778:15550)
    at h.c (vscode-file://vscode-app/opt/vscode/resources/app/out/vs/workbench/workbench.desktop.main.js:778:15305)
    at l.a (vscode-file://vscode-app/opt/vscode/resources/app/out/vs/workbench/workbench.desktop.main.js:778:15148)
    at l.d (vscode-file://vscode-app/opt/vscode/resources/app/out/vs/workbench/workbench.desktop.main.js:1532:1899)
    at l.setHandler (vscode-file://vscode-app/opt/vscode/resources/app/out/vs/workbench/workbench.desktop.main.js:1532:1772)
    at new h (vscode-file://vscode-app/opt/vscode/resources/app/out/vs/workbench/workbench.desktop.main.js:778:15096)
    at g.j (vscode-file://vscode-app/opt/vscode/resources/app/out/vs/workbench/workbench.desktop.main.js:625:1241)
    at g.createInstance (vscode-file://vscode-app/opt/vscode/resources/app/out/vs/workbench/workbench.desktop.main.js:625:733)
    at new h (vscode-file://vscode-app/opt/vscode/resources/app/out/vs/workbench/workbench.desktop.main.js:1573:62726)
    at g.j (vscode-file://vscode-app/opt/vscode/resources/app/out/vs/workbench/workbench.desktop.main.js:625:1241)
    at g.createInstance (vscode-file://vscode-app/opt/vscode/resources/app/out/vs/workbench/workbench.desktop.main.js:625:733)
    at y.k (vscode-file://vscode-app/opt/vscode/resources/app/out/vs/workbench/workbench.desktop.main.js:1573:57916)
    at f (vscode-file://vscode-app/opt/vscode/resources/app/out/vs/workbench/workbench.desktop.main.js:1573:57698)
2024-06-07 09:25:56.458 [info] [perf] Render performance baseline is 40ms
2024-06-07 09:26:06.774 [error] Method not found: toJSON: CodeExpectedError: Method not found: toJSON
    at Object.call (/opt/vscode/resources/app/out/vs/code/electron-main/main.js:25:4899)
    at I.s (/opt/vscode/resources/app/out/vs/code/electron-main/main.js:23:5128)
    at I.q (/opt/vscode/resources/app/out/vs/code/electron-main/main.js:23:4644)
    at c.value (/opt/vscode/resources/app/out/vs/code/electron-main/main.js:23:4051)
    at w (/opt/vscode/resources/app/out/vs/code/electron-main/main.js:18:1913)
    at w.x (/opt/vscode/resources/app/out/vs/code/electron-main/main.js:18:1983)
    at w.fire (/opt/vscode/resources/app/out/vs/code/electron-main/main.js:18:2199)
    at c.value (/opt/vscode/resources/app/out/vs/code/electron-main/main.js:16:38683)
    at w (/opt/vscode/resources/app/out/vs/code/electron-main/main.js:18:1913)
    at w.fire (/opt/vscode/resources/app/out/vs/code/electron-main/main.js:18:2130)
    at c.value (/opt/vscode/resources/app/out/vs/code/electron-main/main.js:16:38878)
    at w (/opt/vscode/resources/app/out/vs/code/electron-main/main.js:18:1913)
    at w.fire (/opt/vscode/resources/app/out/vs/code/electron-main/main.js:18:2130)
    at Z (/opt/vscode/resources/app/out/vs/code/electron-main/main.js:16:41008)
    at IpcMainImpl.f (/opt/vscode/resources/app/out/vs/code/electron-main/main.js:19:96477)
    at IpcMainImpl.emit (node:events:513:28)
    at WebContents.<anonymous> (node:electron/js2c/browser_init:2:88393)
    at WebContents.emit (node:events:513:28)
